[debug] [2018-05-31T10:28:29.178Z] ----------------------------------------------------------------------
[debug] [2018-05-31T10:28:29.180Z] Command:       /usr/local/Cellar/node/9.11.1/bin/node /usr/local/bin/firebase deploy
[debug] [2018-05-31T10:28:29.180Z] CLI Version:   3.18.4
[debug] [2018-05-31T10:28:29.180Z] Platform:      darwin
[debug] [2018-05-31T10:28:29.181Z] Node Version:  v9.11.1
[debug] [2018-05-31T10:28:29.181Z] Time:          Thu May 31 2018 18:28:29 GMT+0800 (CST)
[debug] [2018-05-31T10:28:29.181Z] ----------------------------------------------------------------------
[debug] 
[debug] [2018-05-31T10:28:29.190Z] > command requires scopes: ["email","openid","https://www.googleapis.com/auth/cloudplatformprojects.readonly","https://www.googleapis.com/auth/firebase","https://www.googleapis.com/auth/cloud-platform"]
[debug] [2018-05-31T10:28:29.190Z] > authorizing via signed-in user
[debug] [2018-05-31T10:28:29.192Z] >>> HTTP REQUEST GET https://admin.firebase.com/v1/projects/loopring-org  
  
 Thu May 31 2018 18:28:29 GMT+0800 (CST)
[debug] [2018-05-31T10:28:30.136Z] <<< HTTP RESPONSE 200
[debug] [2018-05-31T10:28:30.137Z] >>> HTTP REQUEST GET https://admin.firebase.com/v1/database/loopring-org/tokens  
  
 Thu May 31 2018 18:28:30 GMT+0800 (CST)
[debug] [2018-05-31T10:28:31.033Z] <<< HTTP RESPONSE 200
[debug] [2018-05-31T10:31:54.466Z] ----------------------------------------------------------------------
[debug] [2018-05-31T10:31:54.468Z] Command:       /usr/local/Cellar/node/9.11.1/bin/node /usr/local/bin/firebase deploy
[debug] [2018-05-31T10:31:54.468Z] CLI Version:   3.18.4
[debug] [2018-05-31T10:31:54.468Z] Platform:      darwin
[debug] [2018-05-31T10:31:54.468Z] Node Version:  v9.11.1
[debug] [2018-05-31T10:31:54.468Z] Time:          Thu May 31 2018 18:31:54 GMT+0800 (CST)
[debug] [2018-05-31T10:31:54.469Z] ----------------------------------------------------------------------
[debug] 
[debug] [2018-05-31T10:31:54.480Z] > command requires scopes: ["email","openid","https://www.googleapis.com/auth/cloudplatformprojects.readonly","https://www.googleapis.com/auth/firebase","https://www.googleapis.com/auth/cloud-platform"]
[debug] [2018-05-31T10:31:54.480Z] > authorizing via signed-in user
[debug] [2018-05-31T10:31:54.482Z] >>> HTTP REQUEST GET https://admin.firebase.com/v1/projects/loopring-org  
  
 Thu May 31 2018 18:31:54 GMT+0800 (CST)
[debug] [2018-05-31T10:31:55.392Z] <<< HTTP RESPONSE 200
[debug] [2018-05-31T10:31:55.392Z] >>> HTTP REQUEST GET https://admin.firebase.com/v1/database/loopring-org/tokens  
  
 Thu May 31 2018 18:31:55 GMT+0800 (CST)
[debug] [2018-05-31T10:31:56.120Z] <<< HTTP RESPONSE 200
[debug] [2018-05-31T10:32:16.367Z] ----------------------------------------------------------------------
[debug] [2018-05-31T10:32:16.369Z] Command:       /usr/local/Cellar/node/9.11.1/bin/node /usr/local/bin/firebase deploy
[debug] [2018-05-31T10:32:16.369Z] CLI Version:   3.18.4
[debug] [2018-05-31T10:32:16.369Z] Platform:      darwin
[debug] [2018-05-31T10:32:16.369Z] Node Version:  v9.11.1
[debug] [2018-05-31T10:32:16.370Z] Time:          Thu May 31 2018 18:32:16 GMT+0800 (CST)
[debug] [2018-05-31T10:32:16.370Z] ----------------------------------------------------------------------
[debug] 
[debug] [2018-05-31T10:32:16.381Z] > command requires scopes: ["email","openid","https://www.googleapis.com/auth/cloudplatformprojects.readonly","https://www.googleapis.com/auth/firebase","https://www.googleapis.com/auth/cloud-platform"]
[debug] [2018-05-31T10:32:16.381Z] > authorizing via signed-in user
[debug] [2018-05-31T10:32:16.383Z] >>> HTTP REQUEST GET https://admin.firebase.com/v1/projects/loopring-org  
  
 Thu May 31 2018 18:32:16 GMT+0800 (CST)
[debug] [2018-05-31T10:32:17.274Z] <<< HTTP RESPONSE 200
[debug] [2018-05-31T10:32:17.276Z] >>> HTTP REQUEST GET https://admin.firebase.com/v1/database/loopring-org/tokens  
  
 Thu May 31 2018 18:32:17 GMT+0800 (CST)
[debug] [2018-05-31T10:32:18.030Z] <<< HTTP RESPONSE 200
